example/build/app/outputs/logs/manifest-merger-debug-report.txt
-- Merging decision tree log ---
manifest
ADDED from src/main/AndroidManifest.xml:1:1-51:12
INJECTED from src/main/AndroidManifest.xml:1:1-51:12
INJECTED from src/main/AndroidManifest.xml:1:1-51:12
INJECTED from src/main/AndroidManifest.xml:1:1-51:12
MERGED from [:e2e] AndroidManifest.xml:2:1-7:12
MERGED from [:webview_flutter] AndroidManifest.xml:2:1-7:12
MERGED from [androidx.fragment:fragment:1.1.0] AndroidManifest.xml:17:1-24:12
MERGED from [androidx.webkit:webkit:1.0.0] AndroidManifest.xml:17:1-22:12
MERGED from [androidx.viewpager:viewpager:1.0.0] AndroidManifest.xml:17:1-22:12
MERGED from [androidx.loader:loader:1.0.0] AndroidManifest.xml:17:1-22:12
MERGED from [androidx.activity:activity:1.0.0] AndroidManifest.xml:17:1-24:12
MERGED from [androidx.customview:customview:1.0.0] AndroidManifest.xml:17:1-22:12
MERGED from [androidx.core:core:1.1.0] AndroidManifest.xml:17:1-26:12
MERGED from [androidx.lifecycle:lifecycle-runtime:2.2.0] AndroidManifest.xml:17:1-24:12
MERGED from [androidx.savedstate:savedstate:1.0.0] AndroidManifest.xml:17:1-24:12
MERGED from [androidx.lifecycle:lifecycle-livedata:2.0.0] AndroidManifest.xml:17:1-22:12
MERGED from [androidx.lifecycle:lifecycle-livedata-core:2.0.0] AndroidManifest.xml:17:1-22:12
MERGED from [androidx.test:rules:1.2.0] AndroidManifest.xml:17:1-24:12
MERGED from [androidx.test.espresso:espresso-core:3.2.0] AndroidManifest.xml:17:1-24:12
MERGED from [androidx.test:runner:1.2.0] AndroidManifest.xml:17:1-24:12
MERGED from [androidx.arch.core:core-runtime:2.0.0] AndroidManifest.xml:17:1-22:12
MERGED from [androidx.versionedparcelable:versionedparcelable:1.1.0] AndroidManifest.xml:17:1-27:12
MERGED from [androidx.test:monitor:1.2.0] AndroidManifest.xml:17:1-24:12
MERGED from [androidx.lifecycle:lifecycle-viewmodel:2.1.0] AndroidManifest.xml:17:1-22:12
MERGED from [androidx.test.espresso:espresso-idling-resource:3.2.0] AndroidManifest.xml:17:1-24:12
INJECTED from src/main/AndroidManifest.xml:1:1-51:12
INJECTED from src/main/AndroidManifest.xml:1:1-51:12
INJECTED from src/main/AndroidManifest.xml:1:1-51:12
	package
		ADDED from src/main/AndroidManifest.xml:2:3-53
		INJECTED from src/main/AndroidManifest.xml
		INJECTED from src/main/AndroidManifest.xml
	android:versionName
		INJECTED from src/main/AndroidManifest.xml
		ADDED from src/main/AndroidManifest.xml:1:1-51:12
		INJECTED from src/main/AndroidManifest.xml
	android:versionCode
		INJECTED from src/main/AndroidManifest.xml
		ADDED from src/main/AndroidManifest.xml:1:1-51:12
		INJECTED from src/main/AndroidManifest.xml
	xmlns:android
		ADDED from src/main/AndroidManifest.xml:1:11-69
application
ADDED from src/main/AndroidManifest.xml:9:3-44:17
MERGED from [androidx.core:core:1.1.0] AndroidManifest.xml:24:5-89
MERGED from [androidx.core:core:1.1.0] AndroidManifest.xml:24:5-89
MERGED from [androidx.versionedparcelable:versionedparcelable:1.1.0] AndroidManifest.xml:24:5-25:19
MERGED from [androidx.versionedparcelable:versionedparcelable:1.1.0] AndroidManifest.xml:24:5-25:19
	android:appComponentFactory
		ADDED from [androidx.core:core:1.1.0] AndroidManifest.xml:24:18-86
	android:label
		ADDED from src/main/AndroidManifest.xml:11:5-44
	android:icon
		ADDED from src/main/AndroidManifest.xml:10:5-39
	android:name
		ADDED from src/main/AndroidManifest.xml:12:5-53
meta-data#flutterEmbedding
ADDED from src/main/AndroidManifest.xml:13:5-15:29
	android:value
		ADDED from src/main/AndroidManifest.xml:15:9-26
	android:name
		ADDED from src/main/AndroidManifest.xml:14:9-40
activity#io.flutter.plugins.webviewflutterexample.EmbeddingV1Activity
ADDED from src/main/AndroidManifest.xml:16:5-31:16
	android:launchMode
		ADDED from src/main/AndroidManifest.xml:20:7-37
	android:hardwareAccelerated
		ADDED from src/main/AndroidManifest.xml:19:7-41
	android:windowSoftInputMode
		ADDED from src/main/AndroidManifest.xml:23:7-49
	android:exported
		ADDED from src/main/AndroidManifest.xml:18:7-30
	android:configChanges
		ADDED from src/main/AndroidManifest.xml:17:7-131
	android:theme
		ADDED from src/main/AndroidManifest.xml:22:7-41
	android:name
		ADDED from src/main/AndroidManifest.xml:21:7-42
meta-data#io.flutter.app.android.SplashScreenUntilFirstFrame
ADDED from src/main/AndroidManifest.xml:28:7-30:31
	android:value
		ADDED from src/main/AndroidManifest.xml:30:9-29
	android:name
		ADDED from src/main/AndroidManifest.xml:29:9-74
activity#io.flutter.embedding.android.FlutterActivity
ADDED from src/main/AndroidManifest.xml:32:5-43:16
	android:launchMode
		ADDED from src/main/AndroidManifest.xml:35:7-37
	android:hardwareAccelerated
		ADDED from src/main/AndroidManifest.xml:34:7-41
	android:windowSoftInputMode
		ADDED from src/main/AndroidManifest.xml:38:7-49
	android:configChanges
		ADDED from src/main/AndroidManifest.xml:33:7-131
	android:theme
		ADDED from src/main/AndroidManifest.xml:37:7-41
	android:name
		ADDED from src/main/AndroidManifest.xml:36:7-66
intent-filter#action:name:android.intent.action.MAIN+category:name:android.intent.category.LAUNCHER
ADDED from src/main/AndroidManifest.xml:39:7-42:23
action#android.intent.action.MAIN
ADDED from src/main/AndroidManifest.xml:40:9-60
	android:name
		ADDED from src/main/AndroidManifest.xml:40:17-58
category#android.intent.category.LAUNCHER
ADDED from src/main/AndroidManifest.xml:41:9-68
	android:name
		ADDED from src/main/AndroidManifest.xml:41:19-66
uses-permission#android.permission.INTERNET
ADDED from src/main/AndroidManifest.xml:50:3-64
	android:name
		ADDED from src/main/AndroidManifest.xml:50:20-62
uses-sdk
INJECTED from src/main/AndroidManifest.xml reason: use-sdk injection requested
INJECTED from src/main/AndroidManifest.xml
INJECTED from src/main/AndroidManifest.xml
MERGED from [:e2e] AndroidManifest.xml:5:5-44
MERGED from [:e2e] AndroidManifest.xml:5:5-44
MERGED from [:webview_flutter] AndroidManifest.xml:5:5-44
MERGED from [:webview_flutter] AndroidManifest.xml:5:5-44
MERGED from [androidx.fragment:fragment:1.1.0] AndroidManifest.xml:20:5-22:41
MERGED from [androidx.fragment:fragment:1.1.0] AndroidManifest.xml:20:5-22:41
MERGED from [androidx.webkit:webkit:1.0.0] AndroidManifest.xml:20:5-44
MERGED from [androidx.webkit:webkit:1.0.0] AndroidManifest.xml:20:5-44
MERGED from [androidx.viewpager:viewpager:1.0.0] AndroidManifest.xml:20:5-44
MERGED from [androidx.viewpager:viewpager:1.0.0] AndroidManifest.xml:20:5-44
MERGED from [androidx.loader:loader:1.0.0] AndroidManifest.xml:20:5-44
MERGED from [androidx.loader:loader:1.0.0] AndroidManifest.xml:20:5-44
MERGED from [androidx.activity:activity:1.0.0] AndroidManifest.xml:20:5-22:41
MERGED from [androidx.activity:activity:1.0.0] AndroidManifest.xml:20:5-22:41
MERGED from [androidx.customview:customview:1.0.0] AndroidManifest.xml:20:5-44
MERGED from [androidx.customview:customview:1.0.0] AndroidManifest.xml:20:5-44
MERGED from [androidx.core:core:1.1.0] AndroidManifest.xml:20:5-22:41
MERGED from [androidx.core:core:1.1.0] AndroidManifest.xml:20:5-22:41
MERGED from [androidx.lifecycle:lifecycle-runtime:2.2.0] AndroidManifest.xml:20:5-22:41
MERGED from [androidx.lifecycle:lifecycle-runtime:2.2.0] AndroidManifest.xml:20:5-22:41
MERGED from [androidx.savedstate:savedstate:1.0.0] AndroidManifest.xml:20:5-22:41
MERGED from [androidx.savedstate:savedstate:1.0.0] AndroidManifest.xml:20:5-22:41
MERGED from [androidx.lifecycle:lifecycle-livedata:2.0.0] AndroidManifest.xml:20:5-44
MERGED from [androidx.lifecycle:lifecycle-livedata:2.0.0] AndroidManifest.xml:20:5-44
MERGED from [androidx.lifecycle:lifecycle-livedata-core:2.0.0] AndroidManifest.xml:20:5-44
MERGED from [androidx.lifecycle:lifecycle-livedata-core:2.0.0] AndroidManifest.xml:20:5-44
MERGED from [androidx.test:rules:1.2.0] AndroidManifest.xml:20:5-22:41
MERGED from [androidx.test:rules:1.2.0] AndroidManifest.xml:20:5-22:41
MERGED from [androidx.test.espresso:espresso-core:3.2.0] AndroidManifest.xml:20:5-22:41
MERGED from [androidx.test.espresso:espresso-core:3.2.0] AndroidManifest.xml:20:5-22:41
MERGED from [androidx.test:runner:1.2.0] AndroidManifest.xml:20:5-22:41
MERGED from [androidx.test:runner:1.2.0] AndroidManifest.xml:20:5-22:41
MERGED from [androidx.arch.core:core-runtime:2.0.0] AndroidManifest.xml:20:5-44
MERGED from [androidx.arch.core:core-runtime:2.0.0] AndroidManifest.xml:20:5-44
MERGED from [androidx.versionedparcelable:versionedparcelable:1.1.0] AndroidManifest.xml:20:5-22:41
MERGED from [androidx.versionedparcelable:versionedparcelable:1.1.0] AndroidManifest.xml:20:5-22:41
MERGED from [androidx.test:monitor:1.2.0] AndroidManifest.xml:20:5-22:41
MERGED from [androidx.test:monitor:1.2.0] AndroidManifest.xml:20:5-22:41
MERGED from [androidx.lifecycle:lifecycle-viewmodel:2.1.0] AndroidManifest.xml:20:5-44
MERGED from [androidx.lifecycle:lifecycle-viewmodel:2.1.0] AndroidManifest.xml:20:5-44
MERGED from [androidx.test.espresso:espresso-idling-resource:3.2.0] AndroidManifest.xml:20:5-22:41
MERGED from [androidx.test.espresso:espresso-idling-resource:3.2.0] AndroidManifest.xml:20:5-22:41
INJECTED from src/main/AndroidManifest.xml
INJECTED from src/main/AndroidManifest.xml
	android:targetSdkVersion
		INJECTED from src/main/AndroidManifest.xml
		ADDED from src/main/AndroidManifest.xml
		INJECTED from src/main/AndroidManifest.xml
	android:minSdkVersion
		INJECTED from src/main/AndroidManifest.xml
		ADDED from src/main/AndroidManifest.xml
		INJECTED from src/main/AndroidManifest.xml